Base path: 'C:/Program Files/Unity/Hub/Editor/2020.1.0f1/Editor/Data', plugins path 'C:/Program Files/Unity/Hub/Editor/2020.1.0f1/Editor/Data/PlaybackEngines'
Cmd: initializeCompiler
Cmd: compileComputeKernel
  error: 2 plat 4 at Histogram.compute(8): failed to open source file: '../StdLib.hlsl'
  api=4 insize=2134 outsize=0 ok=0
Cmd: compileComputeKernel
  error: 2 plat 4 at AutoExposure.compute(7): failed to open source file: '../StdLib.hlsl'
  api=4 insize=3158 outsize=0 ok=0
Cmd: compileComputeKernel
  error: 2 plat 4 at MultiScaleVORender.compute(30): failed to open source file: '../StdLib.hlsl'
  api=4 insize=11176 outsize=0 ok=0
Cmd: compileComputeKernel
  error: 2 plat 4 at Lut3DBaker.compute(1): failed to open source file: '../StdLib.hlsl'
  api=4 insize=5032 outsize=0 ok=0
Cmd: compileComputeKernel
  error: 2 plat 4 at MultiScaleVODownsample1.compute(28): failed to open source file: '../StdLib.hlsl'
  api=4 insize=3532 outsize=0 ok=0
Cmd: compileComputeKernel
  error: 2 plat 4 at MultiScaleVOUpsample.compute(37): failed to open source file: '../StdLib.hlsl'
  api=4 insize=18731 outsize=0 ok=0
Cmd: compileComputeKernel
  error: 2 plat 4 at MultiScaleVOUpsample.compute(37): failed to open source file: '../StdLib.hlsl'
  api=4 insize=18731 outsize=0 ok=0
Cmd: compileComputeKernel
  error: 2 plat 4 at GaussianDownsample.compute(25): failed to open source file: '../StdLib.hlsl'
  api=4 insize=5591 outsize=0 ok=0
Cmd: compileComputeKernel
  error: 2 plat 4 at ExposureHistogram.compute(7): failed to open source file: '../StdLib.hlsl'
  api=4 insize=3174 outsize=0 ok=0
Cmd: compileComputeKernel
  error: 2 plat 4 at Waveform.compute(4): failed to open source file: '../StdLib.hlsl'
  api=4 insize=1864 outsize=0 ok=0
Cmd: compileComputeKernel
  error: 2 plat 4 at Vectorscope.compute(4): failed to open source file: '../StdLib.hlsl'
  api=4 insize=1505 outsize=0 ok=0
Cmd: compileComputeKernel
  error: 2 plat 4 at MultiScaleVODownsample2.compute(28): failed to open source file: '../StdLib.hlsl'
  api=4 insize=2120 outsize=0 ok=0
