Base path: 'C:/Program Files/Unity/Hub/Editor/2020.1.0f1/Editor/Data', plugins path 'C:/Program Files/Unity/Hub/Editor/2020.1.0f1/Editor/Data/PlaybackEngines'
Cmd: initializeCompiler
Cmd: compileComputeKernel
  error: 2 plat 4 at MultiScaleVORender.compute(30): failed to open source file: '../StdLib.hlsl'
  api=4 insize=11176 outsize=0 ok=0
Cmd: compileComputeKernel
  error: 2 plat 4 at Lut3DBaker.compute(1): failed to open source file: '../StdLib.hlsl'
  api=4 insize=5032 outsize=0 ok=0
Cmd: compileComputeKernel
  error: 2 plat 4 at MultiScaleVOUpsample.compute(37): failed to open source file: '../StdLib.hlsl'
  api=4 insize=18731 outsize=0 ok=0
Cmd: compileComputeKernel
  error: 2 plat 4 at MultiScaleVOUpsample.compute(37): failed to open source file: '../StdLib.hlsl'
  api=4 insize=18731 outsize=0 ok=0
Cmd: compileComputeKernel
  error: 2 plat 4 at MultiScaleVOUpsample.compute(37): failed to open source file: '../StdLib.hlsl'
  api=4 insize=18731 outsize=0 ok=0
Cmd: compileComputeKernel
  error: 2 plat 4 at Vectorscope.compute(4): failed to open source file: '../StdLib.hlsl'
  api=4 insize=1505 outsize=0 ok=0
